#
# There is insufficient memory for the Java Runtime Environment to continue.
# Native memory allocation (malloc) failed to allocate 805536 bytes for Chunk::new
# Possible reasons:
#   The system is out of physical RAM or swap space
#   In 32 bit mode, the process size limit was hit
# Possible solutions:
#   Reduce memory load on the system
#   Increase physical memory or swap space
#   Check if swap backing store is full
#   Use 64 bit Java on a 64 bit OS
#   Decrease Java heap size (-Xmx/-Xms)
#   Decrease number of Java threads
#   Decrease Java thread stack sizes (-Xss)
#   Set larger code cache with -XX:ReservedCodeCacheSize=
# This output file may be truncated or incomplete.
#
#  Out of Memory Error (allocation.cpp:390), pid=13128, tid=0x0000000000000e74
#
# JRE version: OpenJDK Runtime Environment (8.0_152-b02) (build 1.8.0_152-release-1024-b02)
# Java VM: OpenJDK 64-Bit Server VM (25.152-b02 mixed mode windows-amd64 compressed oops)
# Failed to write core dump. Minidumps are not enabled by default on client versions of Windows
#

---------------  T H R E A D  ---------------

Current thread (0x000000001612b000):  JavaThread "C2 CompilerThread1" daemon [_thread_in_native, id=3700, stack(0x0000000017880000,0x0000000017980000)]

Stack: [0x0000000017880000,0x0000000017980000]
[error occurred during error reporting (printing stack bounds), id 0xc0000005]

Native frames: (J=compiled Java code, j=interpreted, Vv=VM code, C=native code)


Current CompileTask:
C2:4946309 21143   !   4       com.android.ide.common.res2.ResourceSet::createFileAndItemsFromXml (490 bytes)


---------------  P R O C E S S  ---------------

Java Threads: ( => current thread )
  0x000000001f644800 JavaThread "stdout" daemon [_thread_in_native, id=7028, stack(0x00000000430d0000,0x00000000431d0000)]
  0x000000001f643800 JavaThread "stderr" daemon [_thread_in_native, id=10444, stack(0x0000000042fd0000,0x00000000430d0000)]
  0x000000001f643000 JavaThread "queued-resource-processor_56" daemon [_thread_blocked, id=10560, stack(0x0000000042ed0000,0x0000000042fd0000)]
  0x000000001f63a800 JavaThread "Task worker for ':' Thread 3" [_thread_blocked, id=3464, stack(0x0000000042ad0000,0x0000000042bd0000)]
  0x000000001f63e800 JavaThread "Task worker for ':' Thread 2" [_thread_blocked, id=4016, stack(0x00000000429d0000,0x0000000042ad0000)]
  0x000000001f640800 JavaThread "Task worker for ':'" [_thread_blocked, id=11700, stack(0x00000000428d0000,0x00000000429d0000)]
  0x000000001f63a000 JavaThread "Cache worker for Build Output Cleanup Cache (C:\Users\ASUS\AndroidStudioProjects\736\.gradle\buildOutputCleanup)" [_thread_blocked, id=8560, stack(0x00000000427d0000,0x00000000428d0000)]
  0x000000001f63d000 JavaThread "Cache worker for task history cache (C:\Users\ASUS\AndroidStudioProjects\736\.gradle\4.4\taskHistory)" [_thread_blocked, id=8984, stack(0x00000000426d0000,0x00000000427d0000)]
  0x000000001f639000 JavaThread "Cache worker for file content cache (C:\Users\ASUS\AndroidStudioProjects\736\.gradle\4.4\fileContent)" [_thread_blocked, id=7944, stack(0x00000000425d0000,0x00000000426d0000)]
  0x000000001f637000 JavaThread "build operations Thread 4" [_thread_blocked, id=11964, stack(0x00000000424d0000,0x00000000425d0000)]
  0x000000001f63d800 JavaThread "build operations Thread 3" [_thread_blocked, id=1532, stack(0x00000000423d0000,0x00000000424d0000)]
  0x000000001f635800 JavaThread "build operations Thread 2" [_thread_blocked, id=5972, stack(0x00000000422d0000,0x00000000423d0000)]
  0x000000001f63c000 JavaThread "build operations" [_thread_blocked, id=12044, stack(0x00000000421d0000,0x00000000422d0000)]
  0x000000001f636000 JavaThread "Cache worker for Artifact transforms cache (C:\Users\ASUS\.gradle\caches\transforms-1)" [_thread_blocked, id=8256, stack(0x00000000420d0000,0x00000000421d0000)]
  0x000000001b53e000 JavaThread "Cache worker for file hash cache (C:\Users\ASUS\AndroidStudioProjects\736\.gradle\4.4\fileHashes)" [_thread_blocked, id=10524, stack(0x0000000041fd0000,0x00000000420d0000)]
  0x000000001b545000 JavaThread "Stdin handler" [_thread_blocked, id=12228, stack(0x0000000041ed0000,0x0000000041fd0000)]
  0x000000001b543800 JavaThread "Asynchronous log dispatcher for DefaultDaemonConnection: socket connection from /127.0.0.1:65534 to /127.0.0.1:55526" [_thread_blocked, id=11596, stack(0x0000000041dd0000,0x0000000041ed0000)]
  0x000000001b542800 JavaThread "Daemon worker Thread 8" [_thread_blocked, id=13276, stack(0x0000000041cd0000,0x0000000041dd0000)]
  0x000000001b544000 JavaThread "Cancel handler" [_thread_blocked, id=4136, stack(0x0000000041bd0000,0x0000000041cd0000)]
  0x000000001b53f000 JavaThread "Handler for socket connection from /127.0.0.1:65534 to /127.0.0.1:55526" [_thread_in_native, id=8844, stack(0x0000000041ad0000,0x0000000041bd0000)]
  0x000000001b541000 JavaThread "Daemon Thread 8" [_thread_blocked, id=4604, stack(0x00000000419d0000,0x0000000041ad0000)]
  0x0000000019842800 JavaThread "Memory manager" [_thread_blocked, id=9436, stack(0x0000000020760000,0x0000000020860000)]
  0x00000000194ad000 JavaThread "File lock request listener" [_thread_in_native, id=2820, stack(0x000000001abd0000,0x000000001acd0000)]
  0x00000000192bd000 JavaThread "Cache worker for file hash cache (C:\Users\ASUS\.gradle\caches\4.4\fileHashes)" [_thread_blocked, id=13152, stack(0x000000001aad0000,0x000000001abd0000)]
  0x0000000018f0b000 JavaThread "Daemon periodic checks" [_thread_blocked, id=11352, stack(0x0000000019fd0000,0x000000001a0d0000)]
  0x0000000018ef5000 JavaThread "Incoming local TCP Connector on port 65534" [_thread_in_native, id=11992, stack(0x0000000019d90000,0x0000000019e90000)]
  0x0000000017aa0800 JavaThread "Service Thread" daemon [_thread_blocked, id=8588, stack(0x0000000017e80000,0x0000000017f80000)]
  0x0000000016132000 JavaThread "C1 CompilerThread2" daemon [_thread_blocked, id=9148, stack(0x0000000017980000,0x0000000017a80000)]
=>0x000000001612b000 JavaThread "C2 CompilerThread1" daemon [_thread_in_native, id=3700, stack(0x0000000017880000,0x0000000017980000)]
  0x0000000016138000 JavaThread "C2 CompilerThread0" daemon [_thread_blocked, id=7824, stack(0x0000000017780000,0x0000000017880000)]
  0x0000000016136800 JavaThread "Attach Listener" daemon [_thread_blocked, id=12528, stack(0x0000000017680000,0x0000000017780000)]
  0x0000000016135800 JavaThread "Signal Dispatcher" daemon [_thread_blocked, id=1424, stack(0x0000000017580000,0x0000000017680000)]
  0x00000000027b8000 JavaThread "Finalizer" daemon [_thread_blocked, id=5780, stack(0x0000000017390000,0x0000000017490000)]
  0x00000000027b3000 JavaThread "Reference Handler" daemon [_thread_blocked, id=9612, stack(0x0000000017290000,0x0000000017390000)]
  0x00000000025be000 JavaThread "main" [_thread_blocked, id=9356, stack(0x00000000025c0000,0x00000000026c0000)]

Other Threads:
  0x00000000160f5000 VMThread [stack: 0x0000000017190000,0x0000000017290000] [id=6656]
  0x0000000017aa5000 WatcherThread [stack: 0x0000000017f80000,0x0000000018080000] [id=7080]

VM state:not at safepoint (normal execution)

VM Mutex/Monitor currently owned by a thread: None

Heap:
 PSYoungGen      total 465920K, used 308604K [0x00000000e0000000, 0x0000000100000000, 0x0000000100000000)
  eden space 412672K, 68% used [0x00000000e0000000,0x00000000f13a7cc0,0x00000000f9300000)
  from space 53248K, 49% used [0x00000000f9300000,0x00000000facb7438,0x00000000fc700000)
  to   space 52736K, 0% used [0x00000000fcc80000,0x00000000fcc80000,0x0000000100000000)
 ParOldGen       total 218624K, used 128872K [0x00000000a0000000, 0x00000000ad580000, 0x00000000e0000000)
  object space 218624K, 58% used [0x00000000a0000000,0x00000000a7dda128,0x00000000ad580000)
 Metaspace       used 85709K, capacity 90178K, committed 90368K, reserved 1128448K
  class space    used 10853K, capacity 11694K, committed 11776K, reserved 1048576K

Card table byte_map: [0x0000000011b80000,0x0000000011e90000] byte_map_base: 0x0000000011680000

Marking Bits: (ParMarkBitMap*) 0x000000006c5c4970
 Begin Bits: [0x0000000012490000, 0x0000000013c90000)
 End Bits:   [0x0000000013c90000, 0x0000000015490000)

Polling page: 0x00000000024f0000

CodeCache: size=245760Kb used=57124Kb max_used=57162Kb free=188636Kb
 bounds [0x00000000027c0000, 0x0000000005ff0000, 0x00000000117c0000]
 total_blobs=17311 nmethods=16443 adapters=777
 compilation: enabled

Compilation events (10 events):
Event: 4944.191 Thread 0x0000000016132000 21150       3       com.google.common.collect.LinkedListMultimap$DistinctKeyIterator::<init> (6 bytes)
Event: 4944.191 Thread 0x0000000016132000 nmethod 21150 0x0000000005fd8e10 code [0x0000000005fd8f80, 0x0000000005fd9108]
Event: 4944.197 Thread 0x0000000016138000 21151       4       com.android.ide.common.resources.configuration.FolderConfiguration::getVersionQualifier (11 bytes)
Event: 4944.198 Thread 0x0000000016138000 nmethod 21151 0x0000000005fd8b10 code [0x0000000005fd8c60, 0x0000000005fd8d18]
Event: 4944.201 Thread 0x0000000016132000 21152   !   3       com.android.ide.common.res2.DataMerger::mergeData (603 bytes)
Event: 4944.257 Thread 0x0000000016132000 nmethod 21152 0x0000000005c6c4d0 code [0x0000000005c6ca60, 0x0000000005c70598]
Event: 4944.257 Thread 0x0000000016132000 21153   !   3       com.android.ide.common.res2.ResourceMerger::mergeItems (519 bytes)
Event: 4944.321 Thread 0x0000000016132000 nmethod 21153 0x0000000003876890 code [0x0000000003876e00, 0x000000000387ab48]
Event: 4944.321 Thread 0x0000000016132000 21154       3       com.android.ide.common.res2.ResourceMerger::getMergedItem (31 bytes)
Event: 4944.321 Thread 0x0000000016132000 nmethod 21154 0x0000000004531850 code [0x00000000045319e0, 0x0000000004531ef8]

GC Heap History (10 events):
Event: 2233.675 GC heap before
{Heap before GC invocations=26 (full 5):
 PSYoungGen      total 424448K, used 399822K [0x00000000e0000000, 0x0000000100000000, 0x0000000100000000)
  eden space 401408K, 99% used [0x00000000e0000000,0x00000000f8673b18,0x00000000f8800000)
  from space 23040K, 0% used [0x00000000fe980000,0x00000000fe980000,0x0000000100000000)
  to   space 61440K, 0% used [0x00000000f8800000,0x00000000f8800000,0x00000000fc400000)
 ParOldGen       total 218624K, used 128848K [0x00000000a0000000, 0x00000000ad580000, 0x00000000e0000000)
  object space 218624K, 58% used [0x00000000a0000000,0x00000000a7dd4128,0x00000000ad580000)
 Metaspace       used 84016K, capacity 87500K, committed 87808K, reserved 1126400K
  class space    used 10686K, capacity 11355K, committed 11520K, reserved 1048576K
Event: 2233.686 GC heap after
Heap after GC invocations=26 (full 5):
 PSYoungGen      total 462848K, used 8720K [0x00000000e0000000, 0x0000000100000000, 0x0000000100000000)
  eden space 401408K, 0% used [0x00000000e0000000,0x00000000e0000000,0x00000000f8800000)
  from space 61440K, 14% used [0x00000000f8800000,0x00000000f90843d8,0x00000000fc400000)
  to   space 59904K, 0% used [0x00000000fc580000,0x00000000fc580000,0x0000000100000000)
 ParOldGen       total 218624K, used 128856K [0x00000000a0000000, 0x00000000ad580000, 0x00000000e0000000)
  object space 218624K, 58% used [0x00000000a0000000,0x00000000a7dd6128,0x00000000ad580000)
 Metaspace       used 84016K, capacity 87500K, committed 87808K, reserved 1126400K
  class space    used 10686K, capacity 11355K, committed 11520K, reserved 1048576K
}
Event: 2842.043 GC heap before
{Heap before GC invocations=27 (full 5):
 PSYoungGen      total 462848K, used 410127K [0x00000000e0000000, 0x0000000100000000, 0x0000000100000000)
  eden space 401408K, 99% used [0x00000000e0000000,0x00000000f87ffb10,0x00000000f8800000)
  from space 61440K, 14% used [0x00000000f8800000,0x00000000f90843d8,0x00000000fc400000)
  to   space 59904K, 0% used [0x00000000fc580000,0x00000000fc580000,0x0000000100000000)
 ParOldGen       total 218624K, used 128856K [0x00000000a0000000, 0x00000000ad580000, 0x00000000e0000000)
  object space 218624K, 58% used [0x00000000a0000000,0x00000000a7dd6128,0x00000000ad580000)
 Metaspace       used 84328K, capacity 87800K, committed 88064K, reserved 1126400K
  class space    used 10694K, capacity 11399K, committed 11520K, reserved 1048576K
Event: 2842.227 GC heap after
Heap after GC invocations=27 (full 5):
 PSYoungGen      total 456192K, used 13272K [0x00000000e0000000, 0x00000000ff980000, 0x0000000100000000)
  eden space 402944K, 0% used [0x00000000e0000000,0x00000000e0000000,0x00000000f8980000)
  from space 53248K, 24% used [0x00000000fc580000,0x00000000fd276170,0x00000000ff980000)
  to   space 57344K, 0% used [0x00000000f8980000,0x00000000f8980000,0x00000000fc180000)
 ParOldGen       total 218624K, used 128864K [0x00000000a0000000, 0x00000000ad580000, 0x00000000e0000000)
  object space 218624K, 58% used [0x00000000a0000000,0x00000000a7dd8128,0x00000000ad580000)
 Metaspace       used 84328K, capacity 87800K, committed 88064K, reserved 1126400K
  class space    used 10694K, capacity 11399K, committed 11520K, reserved 1048576K
}
Event: 3236.243 GC heap before
{Heap before GC invocations=28 (full 5):
 PSYoungGen      total 456192K, used 415887K [0x00000000e0000000, 0x00000000ff980000, 0x0000000100000000)
  eden space 402944K, 99% used [0x00000000e0000000,0x00000000f892dce0,0x00000000f8980000)
  from space 53248K, 24% used [0x00000000fc580000,0x00000000fd276170,0x00000000ff980000)
  to   space 57344K, 0% used [0x00000000f8980000,0x00000000f8980000,0x00000000fc180000)
 ParOldGen       total 218624K, used 128864K [0x00000000a0000000, 0x00000000ad580000, 0x00000000e0000000)
  object space 218624K, 58% used [0x00000000a0000000,0x00000000a7dd8128,0x00000000ad580000)
 Metaspace       used 85100K, capacity 89042K, committed 89216K, reserved 1126400K
  class space    used 10767K, capacity 11536K, committed 11648K, reserved 1048576K
Event: 3241.227 GC heap after
Heap after GC invocations=28 (full 5):
 PSYoungGen      total 460288K, used 14938K [0x00000000e0000000, 0x00000000ffe00000, 0x0000000100000000)
  eden space 402944K, 0% used [0x00000000e0000000,0x00000000e0000000,0x00000000f8980000)
  from space 57344K, 26% used [0x00000000f8980000,0x00000000f9816850,0x00000000fc180000)
  to   space 54272K, 0% used [0x00000000fc900000,0x00000000fc900000,0x00000000ffe00000)
 ParOldGen       total 218624K, used 128872K [0x00000000a0000000, 0x00000000ad580000, 0x00000000e0000000)
  object space 218624K, 58% used [0x00000000a0000000,0x00000000a7dda128,0x00000000ad580000)
 Metaspace       used 85100K, capacity 89042K, committed 89216K, reserved 1126400K
  class space    used 10767K, capacity 11536K, committed 11648K, reserved 1048576K
}
Event: 3526.383 GC heap before
{Heap before GC invocations=29 (full 5):
 PSYoungGen      total 460288K, used 416895K [0x00000000e0000000, 0x00000000ffe00000, 0x0000000100000000)
  eden space 402944K, 99% used [0x00000000e0000000,0x00000000f8889528,0x00000000f8980000)
  from space 57344K, 26% used [0x00000000f8980000,0x00000000f9816850,0x00000000fc180000)
  to   space 54272K, 0% used [0x00000000fc900000,0x00000000fc900000,0x00000000ffe00000)
 ParOldGen       total 218624K, used 128872K [0x00000000a0000000, 0x00000000ad580000, 0x00000000e0000000)
  object space 218624K, 58% used [0x00000000a0000000,0x00000000a7dda128,0x00000000ad580000)
 Metaspace       used 85589K, capacity 90020K, committed 90112K, reserved 1128448K
  class space    used 10850K, capacity 11689K, committed 11776K, reserved 1048576K
Event: 3528.575 GC heap after
Heap after GC invocations=29 (full 5):
 PSYoungGen      total 463872K, used 7639K [0x00000000e0000000, 0x00000000ffb00000, 0x0000000100000000)
  eden space 412672K, 0% used [0x00000000e0000000,0x00000000e0000000,0x00000000f9300000)
  from space 51200K, 14% used [0x00000000fc900000,0x00000000fd075e60,0x00000000ffb00000)
  to   space 53248K, 0% used [0x00000000f9300000,0x00000000f9300000,0x00000000fc700000)
 ParOldGen       total 218624K, used 128872K [0x00000000a0000000, 0x00000000ad580000, 0x00000000e0000000)
  object space 218624K, 58% used [0x00000000a0000000,0x00000000a7dda128,0x00000000ad580000)
 Metaspace       used 85589K, capacity 90020K, committed 90112K, reserved 1128448K
  class space    used 10850K, capacity 11689K, committed 11776K, reserved 1048576K
}
Event: 3542.486 GC heap before
{Heap before GC invocations=30 (full 5):
 PSYoungGen      total 463872K, used 419905K [0x00000000e0000000, 0x00000000ffb00000, 0x0000000100000000)
  eden space 412672K, 99% used [0x00000000e0000000,0x00000000f929a938,0x00000000f9300000)
  from space 51200K, 14% used [0x00000000fc900000,0x00000000fd075e60,0x00000000ffb00000)
  to   space 53248K, 0% used [0x00000000f9300000,0x00000000f9300000,0x00000000fc700000)
 ParOldGen       total 218624K, used 128872K [0x00000000a0000000, 0x00000000ad580000, 0x00000000e0000000)
  object space 218624K, 58% used [0x00000000a0000000,0x00000000a7dda128,0x00000000ad580000)
 Metaspace       used 85613K, capacity 90084K, committed 90368K, reserved 1128448K
  class space    used 10850K, capacity 11689K, committed 11776K, reserved 1048576K
Event: 3542.579 GC heap after
Heap after GC invocations=30 (full 5):
 PSYoungGen      total 465920K, used 26333K [0x00000000e0000000, 0x0000000100000000, 0x0000000100000000)
  eden space 412672K, 0% used [0x00000000e0000000,0x00000000e0000000,0x00000000f9300000)
  from space 53248K, 49% used [0x00000000f9300000,0x00000000facb7438,0x00000000fc700000)
  to   space 52736K, 0% used [0x00000000fcc80000,0x00000000fcc80000,0x0000000100000000)
 ParOldGen       total 218624K, used 128872K [0x00000000a0000000, 0x00000000ad580000, 0x00000000e0000000)
  object space 218624K, 58% used [0x00000000a0000000,0x00000000a7dda128,0x00000000ad580000)
 Metaspace       used 85613K, capacity 90084K, committed 90368K, reserved 1128448K
  class space    used 10850K, capacity 11689K, committed 11776K, reserved 1048576K
}

Deoptimization events (10 events):
Event: 4939.555 Thread 0x000000001b542800 Uncommon trap: reason=bimorphic action=maybe_recompile pc=0x0000000004b84ce0 method=com.google.common.collect.NaturalOrdering.compare(Ljava/lang/Comparable;Ljava/lang/Comparable;)I @ 12
Event: 4939.600 Thread 0x000000001b542800 Uncommon trap: reason=bimorphic action=maybe_recompile pc=0x0000000004bfd918 method=com.google.common.collect.AbstractMapBasedMultimap.put(Ljava/lang/Object;Ljava/lang/Object;)Z @ 5
Event: 4939.600 Thread 0x000000001b542800 Uncommon trap: reason=bimorphic action=maybe_recompile pc=0x0000000002a3c668 method=com.google.common.collect.AbstractMapBasedMultimap.createCollection(Ljava/lang/Object;)Ljava/util/Collection; @ 1
Event: 4939.600 Thread 0x000000001b542800 Uncommon trap: reason=bimorphic action=maybe_recompile pc=0x0000000004b84ce0 method=com.google.common.collect.NaturalOrdering.compare(Ljava/lang/Comparable;Ljava/lang/Comparable;)I @ 12
Event: 4939.601 Thread 0x000000001b542800 Uncommon trap: reason=bimorphic action=maybe_recompile pc=0x0000000004bfd918 method=com.google.common.collect.AbstractMapBasedMultimap.put(Ljava/lang/Object;Ljava/lang/Object;)Z @ 5
Event: 4939.601 Thread 0x000000001b542800 Uncommon trap: reason=bimorphic action=maybe_recompile pc=0x0000000002a3c668 method=com.google.common.collect.AbstractMapBasedMultimap.createCollection(Ljava/lang/Object;)Ljava/util/Collection; @ 1
Event: 4939.601 Thread 0x000000001b542800 Uncommon trap: reason=bimorphic action=maybe_recompile pc=0x0000000004b84ce0 method=com.google.common.collect.NaturalOrdering.compare(Ljava/lang/Comparable;Ljava/lang/Comparable;)I @ 12
Event: 4939.601 Thread 0x000000001b542800 Uncommon trap: reason=bimorphic action=maybe_recompile pc=0x0000000004bfd918 method=com.google.common.collect.AbstractMapBasedMultimap.put(Ljava/lang/Object;Ljava/lang/Object;)Z @ 5
Event: 4939.601 Thread 0x000000001b542800 Uncommon trap: reason=bimorphic action=maybe_recompile pc=0x0000000002a3c668 method=com.google.common.collect.AbstractMapBasedMultimap.createCollection(Ljava/lang/Object;)Ljava/util/Collection; @ 1
Event: 4939.601 Thread 0x000000001b542800 Uncommon trap: reason=bimorphic action=maybe_recompile pc=0x0000000004b84ce0 method=com.google.common.collect.NaturalOrdering.compare(Ljava/lang/Comparable;Ljava/lang/Comparable;)I @ 12

Classes redefined (0 events):
No events

Internal exceptions (10 events):
Event: 4937.863 Thread 0x000000001b542800 Exception <a 'sun/nio/fs/WindowsException'> (0x00000000ed53a690) thrown at [D:\src\AOSP-openjdk-cygwin\jdk8u\hotspot\src\share\vm\prims\jni.cpp, line 709]
Event: 4937.863 Thread 0x000000001b542800 Exception <a 'sun/nio/fs/WindowsException'> (0x00000000ed53b340) thrown at [D:\src\AOSP-openjdk-cygwin\jdk8u\hotspot\src\share\vm\prims\jni.cpp, line 709]
Event: 4937.863 Thread 0x000000001b542800 Exception <a 'sun/nio/fs/WindowsException'> (0x00000000ed53d020) thrown at [D:\src\AOSP-openjdk-cygwin\jdk8u\hotspot\src\share\vm\prims\jni.cpp, line 709]
Event: 4937.863 Thread 0x000000001b542800 Exception <a 'sun/nio/fs/WindowsException'> (0x00000000ed53dd10) thrown at [D:\src\AOSP-openjdk-cygwin\jdk8u\hotspot\src\share\vm\prims\jni.cpp, line 709]
Event: 4937.864 Thread 0x000000001b542800 Exception <a 'sun/nio/fs/WindowsException'> (0x00000000ed5408b0) thrown at [D:\src\AOSP-openjdk-cygwin\jdk8u\hotspot\src\share\vm\prims\jni.cpp, line 709]
Event: 4937.864 Thread 0x000000001b542800 Exception <a 'sun/nio/fs/WindowsException'> (0x00000000ed541588) thrown at [D:\src\AOSP-openjdk-cygwin\jdk8u\hotspot\src\share\vm\prims\jni.cpp, line 709]
Event: 4937.864 Thread 0x000000001b542800 Exception <a 'sun/nio/fs/WindowsException'> (0x00000000ed543290) thrown at [D:\src\AOSP-openjdk-cygwin\jdk8u\hotspot\src\share\vm\prims\jni.cpp, line 709]
Event: 4937.864 Thread 0x000000001b542800 Exception <a 'sun/nio/fs/WindowsException'> (0x00000000ed543fa8) thrown at [D:\src\AOSP-openjdk-cygwin\jdk8u\hotspot\src\share\vm\prims\jni.cpp, line 709]
Event: 4944.457 Thread 0x000000001f641800 Exception <a 'java/io/IOException': CreateProcess error=1455, The paging file is too small for this operation to complete> (0x00000000f115a798) thrown at [D:\src\AOSP-openjdk-cygwin\jdk8u\hotspot\src\share\vm\prims\jni.cpp, line 735]
Event: 4944.458 Thread 0x000000001f63b800 Exception <a 'java/io/IOException': CreateProcess error=1450, Insufficient system resources exist to complete the requested service> (0x00000000f121eff8) thrown at [D:\src\AOSP-openjdk-cygwin\jdk8u\hotspot\src\share\vm\prims\jni.cpp, line 735]

Events (10 events):
Event: 4941.413 Thread 0x0000000016138000 flushing nmethod 0x000000000483c7d0
Event: 4941.489 Thread 0x0000000016132000 flushing nmethod 0x0000000005c68dd0
Event: 4942.536 Executing VM operation: RevokeBias
Event: 4942.556 Executing VM operation: RevokeBias done
Event: 4943.925 Thread 0x000000001b542800 DEOPT PACKING pc=0x0000000005ac7f73 sp=0x0000000041dcb410
Event: 4943.925 Thread 0x000000001b542800 DEOPT UNPACKING pc=0x00000000028075d0 sp=0x0000000041dcb190 mode 0
Event: 4944.399 Thread 0x000000001f641800 Thread added: 0x000000001f641800
Event: 4944.399 Thread 0x000000001f642000 Thread added: 0x000000001f642000
Event: 4944.399 Thread 0x000000001f63b800 Thread added: 0x000000001f63b800
Event: 4944.399 Thread 0x000000001f643000 Thread added: 0x000000001f643000


Dynamic libraries:
0x00007ff6b85c0000 - 0x00007ff6b85f1000 	C:\Program Files\Android\Android Studio\jre\bin\java.exe
0x00007ff958540000 - 0x00007ff958721000 	C:\WINDOWS\SYSTEM32\ntdll.dll
0x00007ff9563d0000 - 0x00007ff956482000 	C:\WINDOWS\System32\KERNEL32.DLL
0x00007ff955210000 - 0x00007ff955483000 	C:\WINDOWS\System32\KERNELBASE.dll
0x00007ff956800000 - 0x00007ff9568a1000 	C:\WINDOWS\System32\ADVAPI32.dll
0x00007ff956c20000 - 0x00007ff956cbe000 	C:\WINDOWS\System32\msvcrt.dll
0x00007ff9569c0000 - 0x00007ff956a1b000 	C:\WINDOWS\System32\sechost.dll
0x00007ff9582f0000 - 0x00007ff958414000 	C:\WINDOWS\System32\RPCRT4.dll
0x00007ff956230000 - 0x00007ff9563c0000 	C:\WINDOWS\System32\USER32.dll
0x00007ff955790000 - 0x00007ff9557b0000 	C:\WINDOWS\System32\win32u.dll
0x00007ff956bf0000 - 0x00007ff956c18000 	C:\WINDOWS\System32\GDI32.dll
0x00007ff955490000 - 0x00007ff955622000 	C:\WINDOWS\System32\gdi32full.dll
0x00007ff955830000 - 0x00007ff9558cf000 	C:\WINDOWS\System32\msvcp_win.dll
0x00007ff955630000 - 0x00007ff95572a000 	C:\WINDOWS\System32\ucrtbase.dll
0x00007ff9445c0000 - 0x00007ff944829000 	C:\WINDOWS\WinSxS\amd64_microsoft.windows.common-controls_6595b64144ccf1df_6.0.17134.286_none_fb43982d306480cc\COMCTL32.dll
0x00007ff9559d0000 - 0x00007ff955cf3000 	C:\WINDOWS\System32\combase.dll
0x00007ff9557b0000 - 0x00007ff95582a000 	C:\WINDOWS\System32\bcryptPrimitives.dll
0x00007ff9582c0000 - 0x00007ff9582ed000 	C:\WINDOWS\System32\IMM32.DLL
0x000000006bd20000 - 0x000000006bdf2000 	C:\Program Files\Android\Android Studio\jre\jre\bin\msvcr100.dll
0x000000006be00000 - 0x000000006c63f000 	C:\Program Files\Android\Android Studio\jre\jre\bin\server\jvm.dll
0x00007ff9569b0000 - 0x00007ff9569b8000 	C:\WINDOWS\System32\PSAPI.DLL
0x00007ff950200000 - 0x00007ff950223000 	C:\WINDOWS\SYSTEM32\WINMM.dll
0x00007ff949510000 - 0x00007ff94951a000 	C:\WINDOWS\SYSTEM32\VERSION.dll
0x00007ff953450000 - 0x00007ff953459000 	C:\WINDOWS\SYSTEM32\WSOCK32.dll
0x00007ff956b80000 - 0x00007ff956bec000 	C:\WINDOWS\System32\WS2_32.dll
0x00007ff9501d0000 - 0x00007ff9501fa000 	C:\WINDOWS\SYSTEM32\WINMMBASE.dll
0x00007ff955980000 - 0x00007ff9559c9000 	C:\WINDOWS\System32\cfgmgr32.dll
0x00007ff94d2e0000 - 0x00007ff94d2ef000 	C:\Program Files\Android\Android Studio\jre\jre\bin\verify.dll
0x00007ff946310000 - 0x00007ff946339000 	C:\Program Files\Android\Android Studio\jre\jre\bin\java.dll
0x00007ff94c7d0000 - 0x00007ff94c7e6000 	C:\Program Files\Android\Android Studio\jre\jre\bin\zip.dll
0x00007ff956e80000 - 0x00007ff9582c0000 	C:\WINDOWS\System32\SHELL32.dll
0x00007ff956490000 - 0x00007ff956539000 	C:\WINDOWS\System32\shcore.dll
0x00007ff954b00000 - 0x00007ff95520d000 	C:\WINDOWS\System32\windows.storage.dll
0x00007ff9561d0000 - 0x00007ff956221000 	C:\WINDOWS\System32\shlwapi.dll
0x00007ff9548f0000 - 0x00007ff954901000 	C:\WINDOWS\System32\kernel.appcore.dll
0x00007ff954860000 - 0x00007ff95487f000 	C:\WINDOWS\System32\profapi.dll
0x00007ff9548a0000 - 0x00007ff9548ec000 	C:\WINDOWS\System32\powrprof.dll
0x00007ff954850000 - 0x00007ff95485a000 	C:\WINDOWS\System32\FLTLIB.DLL
0x00007ff94c7a0000 - 0x00007ff94c7ba000 	C:\Program Files\Android\Android Studio\jre\jre\bin\net.dll
0x00007ff9540d0000 - 0x00007ff954136000 	C:\WINDOWS\system32\mswsock.dll
0x00007ff94a2f0000 - 0x00007ff94a301000 	C:\Program Files\Android\Android Studio\jre\jre\bin\nio.dll
0x00007ff9408a0000 - 0x00007ff9408be000 	C:\Users\ASUS\.gradle\native\25\windows-amd64\native-platform.dll
0x00007ff94c4a0000 - 0x00007ff94c4ad000 	C:\Program Files\Android\Android Studio\jre\jre\bin\management.dll
0x00007ff954280000 - 0x00007ff954297000 	C:\WINDOWS\SYSTEM32\CRYPTSP.dll
0x00007ff953cb0000 - 0x00007ff953ce3000 	C:\WINDOWS\system32\rsaenh.dll
0x00007ff9543b0000 - 0x00007ff9543d5000 	C:\WINDOWS\SYSTEM32\bcrypt.dll
0x00007ff954780000 - 0x00007ff9547a8000 	C:\WINDOWS\SYSTEM32\USERENV.dll
0x00007ff9542a0000 - 0x00007ff9542ab000 	C:\WINDOWS\SYSTEM32\CRYPTBASE.dll
0x00007ff953e50000 - 0x00007ff953e88000 	C:\WINDOWS\SYSTEM32\IPHLPAPI.DLL
0x00007ff9563c0000 - 0x00007ff9563c8000 	C:\WINDOWS\System32\NSI.dll
0x00007ff94bfc0000 - 0x00007ff94bfd6000 	C:\WINDOWS\SYSTEM32\dhcpcsvc6.DLL
0x00007ff94c820000 - 0x00007ff94c83a000 	C:\WINDOWS\SYSTEM32\dhcpcsvc.DLL
0x00007ff9462e0000 - 0x00007ff946304000 	C:\Program Files\Android\Android Studio\jre\jre\bin\sunec.dll
0x00007ff953e90000 - 0x00007ff953f4e000 	C:\WINDOWS\SYSTEM32\DNSAPI.dll
0x00007ff94b010000 - 0x00007ff94b01a000 	C:\Windows\System32\rasadhlp.dll
0x00007ff94a850000 - 0x00007ff94a8c2000 	C:\WINDOWS\System32\fwpuclnt.dll
0x00007ff94a370000 - 0x00007ff94a37b000 	C:\Program Files\Android\Android Studio\jre\jre\bin\sunmscapi.dll
0x00007ff954910000 - 0x00007ff954af2000 	C:\WINDOWS\System32\CRYPT32.dll
0x00007ff954880000 - 0x00007ff954892000 	C:\WINDOWS\System32\MSASN1.dll
0x00007ff953940000 - 0x00007ff953971000 	C:\WINDOWS\SYSTEM32\ntmarta.dll

VM Arguments:
jvm_args: -Xmx1536m -Dfile.encoding=windows-1252 -Duser.country=US -Duser.language=en -Duser.variant 
java_command: org.gradle.launcher.daemon.bootstrap.GradleDaemon 4.4
java_class_path (initial): C:\Users\ASUS\.gradle\wrapper\dists\gradle-4.4-all\9br9xq1tocpiv8o6njlyu5op1\gradle-4.4\lib\gradle-launcher-4.4.jar
Launcher Type: SUN_STANDARD

Environment Variables:
JAVA_HOME=C:\Program Files\Java\jdk-10.0.2
PATH=C:\WINDOWS\system32;C:\WINDOWS;C:\WINDOWS\System32\Wbem;"C:\WINDOWS\System32\WindowsPowerShell\v1.0\;C:\Program Files\Java\jdk\bin;C:\Program Files\Java\jre\bin";C:\WINDOWS\System32\OpenSSH\;C:\Program Files\Java\jdk-10.0.2\bin;C:\Program Files\Java\jre-10.0.2;C:\Program Files\Java\jdk1.8.0_181\bin
USERNAME=ASUS
OS=Windows_NT
PROCESSOR_IDENTIFIER=Intel64 Family 6 Model 142 Stepping 9, GenuineIntel



---------------  S Y S T E M  ---------------

OS: Windows 10.0 , 64 bit Build 17134 (10.0.17134.1)

CPU:total 4 (initial active 4) (2 cores per cpu, 2 threads per core) family 6 model 142 stepping 9, cmov, cx8, fxsr, mmx, sse, sse2, sse3, ssse3, sse4.1, sse4.2, popcnt, avx, avx2, aes, clmul, erms, 3dnowpref, lzcnt, ht, tsc, tscinvbit, bmi1, bmi2, adx

Memory: 4k page, physical 4073132k(828624k free), swap 14594084k(424k free)

vm_info: OpenJDK 64-Bit Server VM (25.152-b02) for windows-amd64 JRE (1.8.0_152-release-1024-b02), built by "builder" with MS VC++ 10.0 (VS2010)

time: Tue Oct 02 23:28:19 2018
elapsed time: 4944 seconds (0d 1h 22m 24s)

